<?xml version="1.0" encoding="UTF-8"?>
<!-- Generated by org.testng.reporters.JUnitReportReporter -->
<testsuite hostname="DESKTOP-E8QVB9H" failures="0" tests="1" name="bookingSites.RedBus" time="18.506" errors="0" timestamp="2023-08-03T23:27:00 PDT" skipped="0">
  <testcase classname="bookingSites.RedBus" name="f" time="18.506"/>
  <system-out>
    <![CDATA[Opening RedBus]]>
  </system-out>
</testsuite> <!-- bookingSites.RedBus -->
