<?xml version="1.0" encoding="UTF-8"?>
<!-- Generated by org.testng.reporters.JUnitReportReporter -->
<<<<<<< HEAD
<testsuite hostname="DESKTOP-E8QVB9H" failures="0" tests="1" name="bookingSites.RedBus" time="11.794" errors="0" timestamp="2023-08-05T20:35:33 PDT" skipped="0">
  <testcase classname="bookingSites.RedBus" name="RedbusTest" time="11.794"/>
=======
<testsuite hostname="DESKTOP-E8QVB9H" failures="0" tests="1" name="bookingSites.RedBus" time="15.557" errors="0" timestamp="2023-08-05T20:45:08 PDT" skipped="0">
  <testcase classname="bookingSites.RedBus" name="RedbusTest" time="15.557"/>
>>>>>>> branch 'master' of https://github.com/AbhiGulhane9/MavenProjectGit.git
  <system-out>
    <![CDATA[Opening RedBus]]>
  </system-out>
</testsuite> <!-- bookingSites.RedBus -->
