<?xml version="1.0" encoding="UTF-8"?>
<!-- Generated by org.testng.reporters.JUnitReportReporter -->
<testsuite hostname="DESKTOP-E8QVB9H" failures="0" tests="1" name="bookingSites.IRCTC" time="16.917" errors="0" timestamp="2023-08-04T00:03:22 PDT" skipped="0">
  <testcase classname="bookingSites.IRCTC" name="IrctcTest" time="16.917"/>
  <system-out>
    <![CDATA[Opening IRCTC]]>
  </system-out>
</testsuite> <!-- bookingSites.IRCTC -->
