<?xml version="1.0" encoding="UTF-8"?>
<!-- Generated by org.testng.reporters.JUnitReportReporter -->
<testsuite hostname="DESKTOP-E8QVB9H" failures="0" tests="1" name="bookingSites.Trivago" time="10.824" errors="0" timestamp="2023-08-05T19:15:13 PDT" skipped="0">
  <testcase classname="bookingSites.Trivago" name="TrivagoTest" time="10.824"/>
  <system-out>
    <![CDATA[Opening Trivago]]>
  </system-out>
</testsuite> <!-- bookingSites.Trivago -->
