<?xml version="1.0" encoding="UTF-8"?>
<!-- Generated by org.testng.reporters.JUnitReportReporter -->
<testsuite hostname="DESKTOP-E8QVB9H" failures="0" tests="1" name="bookingSites.RedBus" time="13.278" errors="0" timestamp="2023-08-05T20:03:29 PDT" skipped="0">
  <testcase classname="bookingSites.RedBus" name="RedbusTest" time="13.278"/>
  <system-out>
    <![CDATA[Opening RedBus]]>
  </system-out>
</testsuite> <!-- bookingSites.RedBus -->
