<?xml version="1.0" encoding="UTF-8"?>
<!-- Generated by org.testng.reporters.JUnitReportReporter -->
<testsuite hostname="DESKTOP-E8QVB9H" failures="0" tests="1" name="bookingSites.MakeMyTrip" time="17.468" errors="0" timestamp="2023-08-03T23:27:00 PDT" skipped="0">
  <testcase classname="bookingSites.MakeMyTrip" name="MakeMyTripTest" time="17.468"/>
  <system-out>
    <![CDATA[Opening MakeMyTrip]]>
  </system-out>
</testsuite> <!-- bookingSites.MakeMyTrip -->
