<?xml version="1.0" encoding="UTF-8"?>
<!-- Generated by org.testng.reporters.JUnitReportReporter -->
<testsuite hostname="DESKTOP-E8QVB9H" failures="0" tests="1" name="bookingSites.Paytm" time="9.760" errors="0" timestamp="2023-08-05T20:45:08 PDT" skipped="0">
  <testcase classname="bookingSites.Paytm" name="Paytmtest" time="9.760"/>
  <system-out>
    <![CDATA[Opening Paytm]]>
  </system-out>
</testsuite> <!-- bookingSites.Paytm -->
